%!Adobe-FontList 1.23
%Locale:0x409

%BeginFont
Handler:DirectoryHandler
FontType:Invalid
OutlineFileName:/Users/shane/Documents/OpenChain GitHub/Reference-Material/Getting-Started/One-Page-Overview/ISO-IEC-5230/2.0/Document fonts/AdobeFnt19.lst
FileLength:1937
FileModTime:687881721
%EndFont

%BeginFont
Handler:DirectoryHandler
FontType:Invalid
OutlineFileName:/Users/shane/Documents/OpenChain GitHub/Reference-Material/Getting-Started/One-Page-Overview/ISO-IEC-5230/2.0/Document fonts/AdobeFnt23.lst
FileLength:3105
FileModTime:700118761
%EndFont

%BeginFont
Handler:DirectoryHandler
FontType:Invalid
OutlineFileName:/Users/shane/Documents/OpenChain GitHub/Reference-Material/Getting-Started/One-Page-Overview/ISO-IEC-5230/2.0/Document fonts/Icon_
FileModTime:687881721
%EndFont

%BeginFont
Handler:DirectoryHandler
FontType:TrueType
FontName:JosefinSans-Bold
FamilyName:Josefin Sans
StyleName:Bold
MenuName:Josefin Sans
StyleBits:2
WeightClass:700
WidthClass:5
AngleClass:0
FullName:Josefin Sans Bold
WritingScript:Roman
OutlineFileName:/Users/shane/Documents/OpenChain GitHub/Reference-Material/Getting-Started/One-Page-Overview/ISO-IEC-5230/2.0/Document fonts/JosefinSans-Bold.ttf
DataFormat:sfntData
hasSVG:no
VariableFontType:NonVariableFont
FileLength:32912
FileModTime:687881721
NameArray:0,Mac,4,Josefin Sans Bold
NameArray:0,Win,1,Josefin Sans
%EndFont

%BeginFont
Handler:DirectoryHandler
FontType:TrueType
FontName:OpenSans-Bold
FamilyName:Open Sans
StyleName:Bold
MenuName:Open Sans
StyleBits:2
WeightClass:700
WidthClass:5
AngleClass:0
FullName:Open Sans Bold
WritingScript:Roman
OutlineFileName:/Users/shane/Documents/OpenChain GitHub/Reference-Material/Getting-Started/One-Page-Overview/ISO-IEC-5230/2.0/Document fonts/OpenSans-Bold.ttf
DataFormat:sfntData
hasSVG:no
VariableFontType:NonVariableFont
FileLength:224592
FileModTime:687881721
NameArray:0,Mac,4,Open Sans Bold
NameArray:0,Win,1,Open Sans
%EndFont

%BeginFont
Handler:DirectoryHandler
FontType:TrueType
FontName:OpenSans-Extrabold
FamilyName:Open Sans
StyleName:Extrabold
MenuName:Open Sans Extrabold
StyleBits:0
WeightClass:800
WidthClass:5
AngleClass:0
FullName:Open Sans Extrabold
WritingScript:Roman
OutlineFileName:/Users/shane/Documents/OpenChain GitHub/Reference-Material/Getting-Started/One-Page-Overview/ISO-IEC-5230/2.0/Document fonts/OpenSans-ExtraBold.ttf
DataFormat:sfntData
hasSVG:no
VariableFontType:NonVariableFont
FileLength:222584
FileModTime:687881721
NameArray:0,Mac,4,Open Sans Extrabold
NameArray:0,Win,1,Open Sans Extrabold
NameArray:0,Win,16,Open Sans
%EndFont

%BeginFont
Handler:DirectoryHandler
FontType:TrueType
FontName:OpenSans-Light
FamilyName:Open Sans
StyleName:Light
MenuName:Open Sans Light
StyleBits:0
WeightClass:300
WidthClass:5
AngleClass:0
FullName:Open Sans Light
WritingScript:Roman
OutlineFileName:/Users/shane/Documents/OpenChain GitHub/Reference-Material/Getting-Started/One-Page-Overview/ISO-IEC-5230/2.0/Document fonts/OpenSans-Light.ttf
DataFormat:sfntData
hasSVG:no
VariableFontType:NonVariableFont
FileLength:222412
FileModTime:687881721
NameArray:0,Mac,4,Open Sans Light
NameArray:0,Win,1,Open Sans Light
NameArray:0,Win,16,Open Sans
%EndFont

